e:\учеба 2 курс\курсач\project1\project1\debug\vc142.pdb
e:\учеба 2 курс\курсач\project1\project1\debug\vc142.idb
e:\учеба 2 курс\курсач\project1\project1\debug\основа.obj
e:\учеба 2 курс\курсач\project1\project1\debug\wiredmouse.obj
e:\учеба 2 курс\курсач\project1\project1\debug\touchmouse.obj
e:\учеба 2 курс\курсач\project1\project1\debug\textfile.obj
e:\учеба 2 курс\курсач\project1\project1\debug\string.obj
e:\учеба 2 курс\курсач\project1\project1\debug\shablon.obj
e:\учеба 2 курс\курсач\project1\project1\debug\pdp.obj
e:\учеба 2 курс\курсач\project1\project1\debug\mouse.obj
e:\учеба 2 курс\курсач\project1\project1\debug\monitor.obj
e:\учеба 2 курс\курсач\project1\project1\debug\menu.obj
e:\учеба 2 курс\курсач\project1\project1\debug\lcd.obj
e:\учеба 2 курс\курсач\project1\project1\debug\iter.obj
e:\учеба 2 курс\курсач\project1\project1\debug\devices.obj
e:\учеба 2 курс\курсач\project1\project1\debug\algoritm.obj
e:\учеба 2 курс\курсач\project1\project1\debug\project1.ilk
e:\учеба 2 курс\курсач\project1\debug\project1.exe
e:\учеба 2 курс\курсач\project1\debug\project1.pdb
e:\учеба 2 курс\курсач\project1\project1\debug\project1.tlog\cl.command.1.tlog
e:\учеба 2 курс\курсач\project1\project1\debug\project1.tlog\cl.read.1.tlog
e:\учеба 2 курс\курсач\project1\project1\debug\project1.tlog\cl.write.1.tlog
e:\учеба 2 курс\курсач\project1\project1\debug\project1.tlog\link.command.1.tlog
e:\учеба 2 курс\курсач\project1\project1\debug\project1.tlog\link.read.1.tlog
e:\учеба 2 курс\курсач\project1\project1\debug\project1.tlog\link.write.1.tlog
